<?xml version="1.0" encoding="UTF-8"?>
<!-- Generated by org.testng.reporters.JUnitReportReporter -->
<testsuite hostname="MSI" failures="0" tests="2" name="com.training.sanity.tests.LoginTests" time="19.148" errors="0" timestamp="13 Jan 2020 02:33:53 GMT" skipped="1">
  <testcase classname="com.training.sanity.tests.LoginTests" name="validLoginTest" time="19.148"/>
  <testcase classname="com.training.sanity.tests.LoginTests" name="Registraion">
    <skipped/>
  </testcase> <!-- Registraion -->
</testsuite> <!-- com.training.sanity.tests.LoginTests -->
