<?xml version="1.0" encoding="UTF-8"?>
<!-- Generated by org.testng.reporters.JUnitReportReporter -->
<testsuite hostname="MSI" failures="0" tests="1" name="com.training.sanity.tests.LoginTests" time="18.293" errors="0" timestamp="07 Jan 2020 03:52:32 GMT" skipped="0">
  <testcase classname="com.training.sanity.tests.LoginTests" name="validLoginTest" time="18.293"/>
</testsuite> <!-- com.training.sanity.tests.LoginTests -->
