<?xml version="1.0" encoding="UTF-8"?>
<!-- Generated by org.testng.reporters.JUnitReportReporter -->
<testsuite hostname="MSI" failures="0" tests="1" name="com.training.sanity.tests.RegistrationTests2" time="18.453" errors="0" timestamp="13 Jan 2020 02:27:01 GMT" skipped="0">
  <testcase classname="com.training.sanity.tests.RegistrationTests2" name="Registraion" time="18.453"/>
</testsuite> <!-- com.training.sanity.tests.RegistrationTests2 -->
