<?xml version="1.0" encoding="UTF-8"?>
<!-- Generated by org.testng.reporters.JUnitReportReporter -->
<testsuite hostname="MSI" failures="0" tests="1" name="com.training.sanity.tests.ResetPasswords" time="38.193" errors="0" timestamp="13 Jan 2020 02:59:13 GMT" skipped="0">
  <testcase classname="com.training.sanity.tests.ResetPasswords" name="RestPassword" time="38.193"/>
</testsuite> <!-- com.training.sanity.tests.ResetPasswords -->
